<?xml version="1.0" encoding="utf-8"?><testsuites name="pytest tests"><testsuite name="pytest" errors="0" failures="0" skipped="0" tests="6" time="0.581" timestamp="2025-10-19T19:50:40.028328-07:00" hostname="macbookpro.lan"><testcase classname="test" name="test_root_returns_message" time="0.016" /><testcase classname="test" name="test_health_check" time="0.005" /><testcase classname="test" name="test_auth_callback_missing_code_or_error" time="0.006" /><testcase classname="test" name="test_signup_missing_fields_validation" time="0.006" /><testcase classname="test" name="test_move_requires_auth" time="0.008" /><testcase classname="test" name="test_get_user_details_tool" time="0.513" /></testsuite></testsuites>